  group.cpp
C:\Users\User\Desktop\web_server\group.cpp(78,13): warning C4018: >=: несоответствие типов со знаком и без знака
  main.cpp
  request_data.cpp
C:\Users\User\Desktop\web_server\request_data.cpp(88,29): warning C4018: <: несоответствие типов со знаком и без знака
C:\Users\User\Desktop\web_server\request_data.cpp(106,23): warning C4018: <: несоответствие типов со знаком и без знака
  user_manager.cpp
C:\Users\User\Desktop\web_server\list.h(184,21): warning C4018: <: несоответствие типов со знаком и без знака
C:\Users\User\Desktop\web_server\list.h(159): message : во время компиляции функции-члена класс шаблон "void list<group>::remove(unsigned int)"
C:\Users\User\Desktop\web_server\user_manager.cpp(243): message : выполняется компиляция ссылки на экземпляр шаблон функции "void list<group>::remove(unsigned int)"
C:\Users\User\Desktop\web_server\user_manager.h(17): message : выполняется компиляция ссылки на экземпляр класс шаблон функции "list<group>"
C:\Users\User\Desktop\web_server\list.h(208,20): warning C4018: <: несоответствие типов со знаком и без знака
C:\Users\User\Desktop\web_server\list.h(201): message : во время компиляции функции-члена класс шаблон "T &list<T>::operator [](unsigned int) const"
          with
          [
              T=group
          ]
C:\Users\User\Desktop\web_server\user_manager.cpp(241): message : выполняется компиляция ссылки на экземпляр шаблон функции "T &list<T>::operator [](unsigned int) const"
          with
          [
              T=group
          ]
  Создание кода
  20 of 336 functions ( 6.0%) were compiled, the rest were copied from previous compilation.
    6 functions were new in current compilation
    17 functions had inline decision re-evaluated but remain unchanged
  Создание кода завершено
  web_server_attempt.vcxproj -> C:\Users\User\Desktop\web_server\Release\web_server_attempt.exe
